Compiling the C compiler identification source file "CMakeCCompilerId.c" failed.
Compiler: /usr/bin/cc 
Build flags: 
Id flags:  

The output was:
1
/usr/bin/ld: cannot find /usr/lib64/libc_nonshared.a
collect2: error: ld returned 1 exit status


Compiling the CXX compiler identification source file "CMakeCXXCompilerId.cpp" failed.
Compiler: /usr/bin/c++ 
Build flags: 
Id flags:  

The output was:
1
/usr/bin/ld: cannot find /usr/lib64/libmvec_nonshared.a
collect2: error: ld returned 1 exit status


Determining if the C compiler works failed with the following output:
Change Dir: /home/sasha/Code/ComputationalGeometry/convex_hull/cmake-build-debug/CMakeFiles/CMakeTmp

Run Build Command:"/usr/bin/gmake" "cmTC_5f18f/fast"
/usr/bin/gmake -f CMakeFiles/cmTC_5f18f.dir/build.make CMakeFiles/cmTC_5f18f.dir/build
gmake[1]: Entering directory '/home/sasha/Code/ComputationalGeometry/convex_hull/cmake-build-debug/CMakeFiles/CMakeTmp'
Building C object CMakeFiles/cmTC_5f18f.dir/testCCompiler.c.o
/usr/bin/cc    -o CMakeFiles/cmTC_5f18f.dir/testCCompiler.c.o   -c /home/sasha/Code/ComputationalGeometry/convex_hull/cmake-build-debug/CMakeFiles/CMakeTmp/testCCompiler.c
Linking C executable cmTC_5f18f
/home/sasha/.local/share/JetBrains/Toolbox/apps/CLion/ch-0/182.4892.24/bin/cmake/linux/bin/cmake -E cmake_link_script CMakeFiles/cmTC_5f18f.dir/link.txt --verbose=1
/usr/bin/cc      CMakeFiles/cmTC_5f18f.dir/testCCompiler.c.o  -o cmTC_5f18f 
/usr/bin/ld: cannot find /usr/lib64/libc_nonshared.a
collect2: error: ld returned 1 exit status
gmake[1]: *** [CMakeFiles/cmTC_5f18f.dir/build.make:87: cmTC_5f18f] Error 1
gmake[1]: Leaving directory '/home/sasha/Code/ComputationalGeometry/convex_hull/cmake-build-debug/CMakeFiles/CMakeTmp'
gmake: *** [Makefile:121: cmTC_5f18f/fast] Error 2


